<?xml version="1.0" encoding="UTF-8"?>
<!-- Generated by org.testng.reporters.JUnitXMLReporter -->
<testsuite ignored="0" hostname="DESKTOP-OJEACE5" failures="1" tests="1" name="Navigate Test" time="6.421" errors="0" timestamp="2021-12-13T19:21:08 IST">
  <testcase classname="academy.Navigate" name="Navigate" time="0.086">
    <failure type="junit.framework.ComparisonFailure" message="expected:&amp;lt;FEATURED COURSES[123]&amp;gt; but was:&amp;lt;FEATURED COURSES[]&amp;gt;">
      <![CDATA[junit.framework.ComparisonFailure: expected:<FEATURED COURSES[123]> but was:<FEATURED COURSES[]>
at junit.framework.Assert.assertEquals(Assert.java:100)
at junit.framework.Assert.assertEquals(Assert.java:107)
at academy.Navigate.Navigate(Navigate.java:35)
at java.base/java.util.ArrayList.forEach(ArrayList.java:1511)
... Removed 27 stack frames]]>
    </failure>
  </testcase> <!-- Navigate -->
</testsuite> <!-- Navigate Test -->
