<?xml version="1.0" encoding="UTF-8"?>
<testng-results ignored="0" total="2" passed="1" failed="1" skipped="0">
  <reporter-output>
  </reporter-output>
  <suite started-at="2021-12-13T19:21:01 IST" name="Suite" finished-at="2021-12-13T19:21:12 IST" duration-ms="11208">
    <groups>
    </groups>
    <test started-at="2021-12-13T19:21:01 IST" name="Navigate Test" finished-at="2021-12-13T19:21:08 IST" duration-ms="6421">
      <class name="academy.Navigate">
        <test-method is-config="true" signature="initializeBrowser()[pri:0, instance:academy.Navigate@33d05366]" started-at="2021-12-13T19:21:01 IST" name="initializeBrowser" finished-at="2021-12-13T19:21:07 IST" duration-ms="5465" status="PASS">
          <reporter-output>
          </reporter-output>
        </test-method> <!-- initializeBrowser -->
        <test-method signature="Navigate()[pri:0, instance:academy.Navigate@33d05366]" started-at="2021-12-13T19:21:07 IST" name="Navigate" finished-at="2021-12-13T19:21:07 IST" duration-ms="86" status="FAIL">
          <exception class="junit.framework.ComparisonFailure">
            <message>
              <![CDATA[expected:<FEATURED COURSES[123]> but was:<FEATURED COURSES[]>]]>
            </message>
            <full-stacktrace>
              <![CDATA[junit.framework.ComparisonFailure: expected:<FEATURED COURSES[123]> but was:<FEATURED COURSES[]>
at junit.framework.Assert.assertEquals(Assert.java:100)
at junit.framework.Assert.assertEquals(Assert.java:107)
at academy.Navigate.Navigate(Navigate.java:35)
at java.base/jdk.internal.reflect.NativeMethodAccessorImpl.invoke0(Native Method)
at java.base/jdk.internal.reflect.NativeMethodAccessorImpl.invoke(NativeMethodAccessorImpl.java:77)
at java.base/jdk.internal.reflect.DelegatingMethodAccessorImpl.invoke(DelegatingMethodAccessorImpl.java:43)
at java.base/java.lang.reflect.Method.invoke(Method.java:568)
at org.testng.internal.MethodInvocationHelper.invokeMethod(MethodInvocationHelper.java:133)
at org.testng.internal.TestInvoker.invokeMethod(TestInvoker.java:598)
at org.testng.internal.TestInvoker.invokeTestMethod(TestInvoker.java:173)
at org.testng.internal.MethodRunner.runInSequence(MethodRunner.java:46)
at org.testng.internal.TestInvoker$MethodInvocationAgent.invoke(TestInvoker.java:824)
at org.testng.internal.TestInvoker.invokeTestMethods(TestInvoker.java:146)
at org.testng.internal.TestMethodWorker.invokeTestMethods(TestMethodWorker.java:146)
at org.testng.internal.TestMethodWorker.run(TestMethodWorker.java:128)
at java.base/java.util.ArrayList.forEach(ArrayList.java:1511)
at org.testng.TestRunner.privateRun(TestRunner.java:794)
at org.testng.TestRunner.run(TestRunner.java:596)
at org.testng.SuiteRunner.runTest(SuiteRunner.java:377)
at org.testng.SuiteRunner.runSequentially(SuiteRunner.java:371)
at org.testng.SuiteRunner.privateRun(SuiteRunner.java:332)
at org.testng.SuiteRunner.run(SuiteRunner.java:276)
at org.testng.SuiteRunnerWorker.runSuite(SuiteRunnerWorker.java:53)
at org.testng.SuiteRunnerWorker.run(SuiteRunnerWorker.java:96)
at org.testng.TestNG.runSuitesSequentially(TestNG.java:1212)
at org.testng.TestNG.runSuitesLocally(TestNG.java:1134)
at org.testng.TestNG.runSuites(TestNG.java:1063)
at org.testng.TestNG.run(TestNG.java:1031)
at org.testng.remote.AbstractRemoteTestNG.run(AbstractRemoteTestNG.java:115)
at org.testng.remote.RemoteTestNG.initAndRun(RemoteTestNG.java:251)
at org.testng.remote.RemoteTestNG.main(RemoteTestNG.java:77)
]]>
            </full-stacktrace>
          </exception> <!-- junit.framework.ComparisonFailure -->
          <reporter-output>
          </reporter-output>
        </test-method> <!-- Navigate -->
        <test-method is-config="true" signature="tearDown()[pri:0, instance:academy.Navigate@33d05366]" started-at="2021-12-13T19:21:07 IST" name="tearDown" finished-at="2021-12-13T19:21:08 IST" duration-ms="250" status="PASS">
          <reporter-output>
          </reporter-output>
        </test-method> <!-- tearDown -->
      </class> <!-- academy.Navigate -->
    </test> <!-- Navigate Test -->
    <test started-at="2021-12-13T19:21:08 IST" name="Login Test" finished-at="2021-12-13T19:21:12 IST" duration-ms="4397">
      <class name="academy.LoginCase">
        <test-method is-config="true" signature="initializeBrowser()[pri:0, instance:academy.LoginCase@58cd06cb]" started-at="2021-12-13T19:21:08 IST" name="initializeBrowser" finished-at="2021-12-13T19:21:11 IST" duration-ms="3152" status="PASS">
          <reporter-output>
          </reporter-output>
        </test-method> <!-- initializeBrowser -->
        <test-method signature="Navigate()[pri:0, instance:academy.LoginCase@58cd06cb]" started-at="2021-12-13T19:21:11 IST" name="Navigate" finished-at="2021-12-13T19:21:12 IST" duration-ms="1060" status="PASS">
          <reporter-output>
          </reporter-output>
        </test-method> <!-- Navigate -->
        <test-method is-config="true" signature="tearDown()[pri:0, instance:academy.LoginCase@58cd06cb]" started-at="2021-12-13T19:21:12 IST" name="tearDown" finished-at="2021-12-13T19:21:12 IST" duration-ms="181" status="PASS">
          <reporter-output>
          </reporter-output>
        </test-method> <!-- tearDown -->
      </class> <!-- academy.LoginCase -->
    </test> <!-- Login Test -->
  </suite> <!-- Suite -->
</testng-results>
